 - 2021-04-25 11:52:51,953 - flask requests - flaskRequests
 - 2021-04-25 11:52:54,550 - flask requests - flaskRequests
 - 2021-04-25 11:53:01,112 - flask requests - flaskRequests
 - 2021-04-25 11:53:08,405 - flask requests - flaskRequests
 - 2021-04-25 11:53:18,419 - flask requests - flaskRequests
 - 2021-04-25 12:46:01,533 - flask requests - flaskRequests
 - 2021-04-25 12:46:08,265 - flask requests - flaskRequests
 - 2021-04-25 12:46:39,772 - flask requests - flaskRequests
 - 2021-04-25 12:46:46,030 - flask requests - flaskRequests
 - 2021-04-25 12:46:52,499 - flask requests - flaskRequests
 - 2021-04-25 12:46:59,735 - flask requests - flaskRequests
 - 2021-04-25 12:47:06,398 - flask requests - flaskRequests
 - 2021-04-25 12:47:13,037 - flask requests - flaskRequests
 - 2021-04-25 12:47:19,683 - flask requests - flaskRequests
 - 2021-04-25 12:47:26,363 - flask requests - flaskRequests
 - 2021-04-25 12:47:32,886 - flask requests - flaskRequests
 - 2021-04-25 12:47:39,506 - flask requests - flaskRequests
 - 2021-04-25 12:47:46,520 - flask requests - flaskRequests
 - 2021-04-25 12:47:53,551 - flask requests - flaskRequests
 - 2021-04-25 12:47:59,943 - flask requests - flaskRequests
 - 2021-04-25 12:48:06,298 - flask requests - flaskRequests
 - 2021-04-25 12:48:12,641 - flask requests - flaskRequests
 - 2021-04-25 12:48:19,044 - flask requests - flaskRequests
 - 2021-04-25 12:48:25,529 - flask requests - flaskRequests
 - 2021-04-25 12:48:31,887 - flask requests - flaskRequests
 - 2021-04-25 12:48:38,234 - flask requests - flaskRequests
 - 2021-04-25 12:48:45,235 - flask requests - flaskRequests
 - 2021-04-25 12:48:51,623 - flask requests - flaskRequests
 - 2021-04-25 12:58:59,899 - flask requests - flaskRequests
 - 2021-04-25 12:59:06,673 - flask requests - flaskRequests
 - 2021-04-25 12:59:28,039 - flaskAPI GET requests - flaskRequests
 - 2021-04-25 12:59:31,395 - flask requests - flaskRequests
 - 2021-04-25 12:59:37,842 - flask requests - flaskRequests
 - 2021-04-25 12:59:44,184 - flask requests - flaskRequests
 - 2021-04-25 12:59:50,495 - flask requests - flaskRequests
 - 2021-04-25 12:59:56,851 - flask requests - flaskRequests
 - 2021-04-25 13:00:03,153 - flask requests - flaskRequests
 - 2021-04-25 13:00:09,460 - flask requests - flaskRequests
 - 2021-04-25 13:00:15,977 - flask requests - flaskRequests
 - 2021-04-25 13:00:20,522 - flaskAPI GET requests - flaskRequests
 - 2021-04-25 13:00:22,222 - flask requests - flaskRequests
 - 2021-04-25 13:00:24,558 - flaskAPI GET requests - flaskRequests
 - 2021-04-25 13:00:28,579 - flask requests - flaskRequests
 - 2021-04-25 13:00:34,943 - flask requests - flaskRequests
 - 2021-04-25 13:00:41,201 - flask requests - flaskRequests
 - 2021-04-25 13:00:47,519 - flask requests - flaskRequests
 - 2021-04-25 13:00:53,933 - flask requests - flaskRequests
 - 2021-04-25 13:01:00,313 - flask requests - flaskRequests
 - 2021-04-25 13:01:06,660 - flask requests - flaskRequests
 - 2021-04-25 13:01:12,964 - flask requests - flaskRequests
 - 2021-04-25 13:01:19,235 - flask requests - flaskRequests
 - 2021-04-25 13:01:25,581 - flask requests - flaskRequests
 - 2021-04-25 13:01:31,955 - flask requests - flaskRequests
 - 2021-04-25 13:01:38,292 - flask requests - flaskRequests
 - 2021-04-25 13:01:45,292 - flask requests - flaskRequests
 - 2021-04-25 13:02:02,600 - flask requests - flaskRequests
 - 2021-04-25 13:02:11,284 - flask requests - flaskRequests
 - 2021-04-25 13:02:19,608 - flask requests - flaskRequests
 - 2021-04-25 13:02:29,623 - flask requests - flaskRequests
 - 2021-04-25 13:02:36,143 - flask requests - flaskRequests
 - 2021-04-25 13:02:42,500 - flask requests - flaskRequests
 - 2021-04-25 13:02:48,772 - flask requests - flaskRequests
 - 2021-04-25 13:02:55,072 - flask requests - flaskRequests
 - 2021-04-25 13:03:01,294 - flask requests - flaskRequests
 - 2021-04-25 13:03:07,538 - flask requests - flaskRequests
 - 2021-04-25 13:03:14,549 - flask requests - flaskRequests
 - 2021-04-25 13:03:21,408 - flask requests - flaskRequests
 - 2021-04-25 13:03:28,036 - flask requests - flaskRequests
 - 2021-04-25 13:03:34,483 - flask requests - flaskRequests
 - 2021-04-25 13:03:40,922 - flask requests - flaskRequests
 - 2021-04-25 13:03:47,762 - flask requests - flaskRequests
 - 2021-04-25 13:03:54,183 - flask requests - flaskRequests
 - 2021-04-25 13:04:00,533 - flask requests - flaskRequests
 - 2021-04-25 13:04:06,840 - flask requests - flaskRequests
 - 2021-04-25 13:04:13,097 - flask requests - flaskRequests
 - 2021-04-25 13:04:19,393 - flask requests - flaskRequests
 - 2021-04-25 13:04:26,589 - flask requests - flaskRequests
 - 2021-04-25 13:04:33,198 - flask requests - flaskRequests
 - 2021-04-25 13:04:40,115 - flask requests - flaskRequests
 - 2021-04-25 13:04:46,507 - flask requests - flaskRequests
 - 2021-04-25 13:04:52,864 - flask requests - flaskRequests
 - 2021-04-25 13:04:59,493 - flask requests - flaskRequests
 - 2021-04-25 13:05:05,797 - flask requests - flaskRequests
 - 2021-04-25 13:05:12,160 - flask requests - flaskRequests
 - 2021-04-25 13:05:18,754 - flask requests - flaskRequests
 - 2021-04-25 13:05:25,075 - flask requests - flaskRequests
 - 2021-04-25 13:05:31,349 - flask requests - flaskRequests
 - 2021-04-25 13:05:37,627 - flask requests - flaskRequests
 - 2021-04-25 13:05:44,112 - flask requests - flaskRequests
 - 2021-04-25 13:05:50,705 - flask requests - flaskRequests
 - 2021-04-25 13:05:57,082 - flask requests - flaskRequests
 - 2021-04-25 13:06:03,505 - flask requests - flaskRequests
 - 2021-04-25 13:06:09,785 - flask requests - flaskRequests
 - 2021-04-25 13:06:16,054 - flask requests - flaskRequests
 - 2021-04-25 13:06:22,374 - flask requests - flaskRequests
 - 2021-04-25 13:06:29,036 - flask requests - flaskRequests
 - 2021-04-25 13:06:35,297 - flask requests - flaskRequests
 - 2021-04-25 13:06:41,668 - flask requests - flaskRequests
 - 2021-04-25 13:06:47,961 - flask requests - flaskRequests
 - 2021-04-25 13:06:54,719 - flask requests - flaskRequests
 - 2021-04-25 13:07:01,011 - flask requests - flaskRequests
 - 2021-04-25 13:07:07,212 - flask requests - flaskRequests
 - 2021-04-25 13:07:13,556 - flask requests - flaskRequests
 - 2021-04-25 13:07:20,032 - flask requests - flaskRequests
 - 2021-04-25 13:07:27,118 - flask requests - flaskRequests
 - 2021-04-25 13:07:34,047 - flask requests - flaskRequests
 - 2021-04-25 13:07:40,497 - flask requests - flaskRequests
 - 2021-04-25 13:07:46,781 - flask requests - flaskRequests
 - 2021-04-25 13:07:53,085 - flask requests - flaskRequests
 - 2021-04-25 13:07:59,649 - flask requests - flaskRequests
 - 2021-04-25 13:08:06,056 - flask requests - flaskRequests
 - 2021-04-25 13:08:12,341 - flask requests - flaskRequests
 - 2021-04-25 13:08:18,911 - flask requests - flaskRequests
 - 2021-04-25 13:08:25,223 - flask requests - flaskRequests
 - 2021-04-25 13:08:31,684 - flask requests - flaskRequests
 - 2021-04-25 13:08:37,898 - flask requests - flaskRequests
 - 2021-04-25 13:08:44,175 - flask requests - flaskRequests
 - 2021-04-25 13:08:50,401 - flask requests - flaskRequests
 - 2021-04-25 13:08:56,723 - flask requests - flaskRequests
 - 2021-04-25 13:09:03,010 - flask requests - flaskRequests
 - 2021-04-25 13:09:09,294 - flask requests - flaskRequests
 - 2021-04-25 13:09:15,634 - flask requests - flaskRequests
 - 2021-04-25 13:09:21,970 - flask requests - flaskRequests
 - 2021-04-25 13:09:28,287 - flask requests - flaskRequests
 - 2021-04-25 13:09:34,603 - flask requests - flaskRequests
 - 2021-04-25 13:09:41,093 - flask requests - flaskRequests
 - 2021-04-25 13:09:47,433 - flask requests - flaskRequests
 - 2021-04-25 13:09:53,694 - flask requests - flaskRequests
 - 2021-04-25 13:09:59,946 - flask requests - flaskRequests
 - 2021-04-25 13:10:06,223 - flask requests - flaskRequests
 - 2021-04-25 13:10:12,499 - flask requests - flaskRequests
 - 2021-04-25 13:10:18,827 - flask requests - flaskRequests
 - 2021-04-25 13:10:25,042 - flask requests - flaskRequests
 - 2021-04-25 13:10:31,298 - flask requests - flaskRequests
 - 2021-04-25 13:10:37,575 - flask requests - flaskRequests
 - 2021-04-25 13:10:43,849 - flask requests - flaskRequests
 - 2021-04-25 13:10:50,335 - flask requests - flaskRequests
 - 2021-04-25 13:10:56,574 - flask requests - flaskRequests
 - 2021-04-25 13:11:03,064 - flask requests - flaskRequests
 - 2021-04-25 13:11:09,357 - flask requests - flaskRequests
 - 2021-04-25 13:11:15,606 - flask requests - flaskRequests
 - 2021-04-25 13:11:21,838 - flask requests - flaskRequests
 - 2021-04-25 13:11:28,093 - flask requests - flaskRequests
 - 2021-04-25 13:11:34,347 - flask requests - flaskRequests
 - 2021-04-25 13:11:40,616 - flask requests - flaskRequests
 - 2021-04-25 13:11:49,610 - flask requests - flaskRequests
 - 2021-04-25 13:11:57,790 - flask requests - flaskRequests
 - 2021-04-25 13:12:04,130 - flask requests - flaskRequests
 - 2021-04-25 13:12:10,807 - flask requests - flaskRequests
 - 2021-04-25 13:12:17,054 - flask requests - flaskRequests
 - 2021-04-25 13:12:23,357 - flask requests - flaskRequests
 - 2021-04-25 13:12:29,730 - flask requests - flaskRequests
 - 2021-04-25 13:12:36,136 - flask requests - flaskRequests
 - 2021-04-25 13:12:42,417 - flask requests - flaskRequests
 - 2021-04-25 13:12:48,708 - flask requests - flaskRequests
 - 2021-04-25 13:12:56,819 - flask requests - flaskRequests
 - 2021-04-25 13:13:03,734 - flask requests - flaskRequests
 - 2021-04-25 13:13:10,531 - flask requests - flaskRequests
 - 2021-04-25 13:13:17,063 - flask requests - flaskRequests
 - 2021-04-25 13:13:23,450 - flask requests - flaskRequests
 - 2021-04-25 13:13:29,759 - flask requests - flaskRequests
 - 2021-04-25 13:13:36,139 - flask requests - flaskRequests
 - 2021-04-25 13:13:42,589 - flask requests - flaskRequests
 - 2021-04-25 13:13:49,377 - flask requests - flaskRequests
 - 2021-04-25 13:13:55,682 - flask requests - flaskRequests
 - 2021-04-25 13:14:02,132 - flask requests - flaskRequests
 - 2021-04-25 13:14:08,473 - flask requests - flaskRequests
 - 2021-04-25 13:14:15,292 - flask requests - flaskRequests
 - 2021-04-25 13:14:21,623 - flask requests - flaskRequests
 - 2021-04-25 13:14:28,065 - flask requests - flaskRequests
 - 2021-04-25 13:14:34,563 - flask requests - flaskRequests
 - 2021-04-25 13:14:41,565 - flask requests - flaskRequests
 - 2021-04-25 13:14:48,338 - flask requests - flaskRequests
 - 2021-04-25 13:14:54,801 - flask requests - flaskRequests
 - 2021-04-25 13:15:01,104 - flask requests - flaskRequests
 - 2021-04-25 13:15:07,497 - flask requests - flaskRequests
 - 2021-04-25 13:15:13,866 - flask requests - flaskRequests
 - 2021-04-25 13:15:20,232 - flask requests - flaskRequests
 - 2021-04-25 13:15:26,573 - flask requests - flaskRequests
 - 2021-04-25 13:15:32,946 - flask requests - flaskRequests
 - 2021-04-25 13:15:39,312 - flask requests - flaskRequests
 - 2021-04-25 13:15:45,848 - flask requests - flaskRequests
 - 2021-04-25 13:15:52,360 - flask requests - flaskRequests
 - 2021-04-25 13:15:58,793 - flask requests - flaskRequests
 - 2021-04-25 13:16:05,259 - flask requests - flaskRequests
 - 2021-04-25 13:16:11,777 - flask requests - flaskRequests
 - 2021-04-25 13:16:18,241 - flask requests - flaskRequests
 - 2021-04-25 13:16:24,632 - flask requests - flaskRequests
 - 2021-04-25 13:16:31,093 - flask requests - flaskRequests
 - 2021-04-25 13:16:37,605 - flask requests - flaskRequests
 - 2021-04-25 13:16:44,010 - flask requests - flaskRequests
 - 2021-04-25 13:16:50,626 - flask requests - flaskRequests
 - 2021-04-25 13:16:57,062 - flask requests - flaskRequests
 - 2021-04-25 13:17:03,552 - flask requests - flaskRequests
 - 2021-04-25 13:17:10,138 - flask requests - flaskRequests
 - 2021-04-25 13:17:16,516 - flask requests - flaskRequests
 - 2021-04-25 13:17:22,875 - flask requests - flaskRequests
 - 2021-04-25 13:17:29,274 - flask requests - flaskRequests
 - 2021-04-25 13:17:35,753 - flask requests - flaskRequests
 - 2021-04-25 13:17:42,230 - flask requests - flaskRequests
 - 2021-04-25 13:17:48,521 - flask requests - flaskRequests
 - 2021-04-25 13:17:54,894 - flask requests - flaskRequests
 - 2021-04-25 13:18:01,201 - flask requests - flaskRequests
 - 2021-04-25 13:18:07,692 - flask requests - flaskRequests
 - 2021-04-25 13:18:14,157 - flask requests - flaskRequests
 - 2021-04-25 13:18:20,597 - flask requests - flaskRequests
 - 2021-04-25 13:18:26,916 - flask requests - flaskRequests
 - 2021-04-25 13:18:33,535 - flask requests - flaskRequests
 - 2021-04-25 13:18:39,842 - flask requests - flaskRequests
 - 2021-04-25 13:18:46,273 - flask requests - flaskRequests
 - 2021-04-25 13:18:52,679 - flask requests - flaskRequests
 - 2021-04-25 13:18:59,028 - flask requests - flaskRequests
 - 2021-04-25 13:19:05,391 - flask requests - flaskRequests
 - 2021-04-25 13:19:11,757 - flask requests - flaskRequests
 - 2021-04-25 13:19:16,290 - flask requests - flaskRequests
 - 2021-04-25 13:19:22,662 - flask requests - flaskRequests
 - 2021-04-25 13:19:27,165 - flaskAPI GET requests - flaskRequests
 - 2021-04-25 13:19:29,090 - flask requests - flaskRequests
 - 2021-04-25 13:19:30,402 - flaskAPI GET requests - flaskRequests
 - 2021-04-25 13:19:35,556 - flask requests - flaskRequests
 - 2021-04-25 13:19:42,528 - flask requests - flaskRequests
 - 2021-04-25 13:19:48,952 - flask requests - flaskRequests
 - 2021-04-25 13:19:53,266 - flaskAPI GET one request - flaskRequests
 - 2021-04-25 13:19:56,059 - flask requests - flaskRequests
 - 2021-04-25 13:19:56,979 - flaskAPI GET one request - flaskRequests
 - 2021-04-25 13:20:02,499 - flask requests - flaskRequests
 - 2021-04-25 13:20:09,553 - flask requests - flaskRequests
 - 2021-04-25 13:20:16,120 - flask requests - flaskRequests
 - 2021-04-25 13:20:23,289 - flask requests - flaskRequests
 - 2021-04-25 13:20:29,742 - flask requests - flaskRequests
 - 2021-04-25 13:20:36,676 - flask requests - flaskRequests
 - 2021-04-25 13:20:38,492 - flaskAPI GET one request - flaskRequests
 - 2021-04-25 13:20:43,317 - flask requests - flaskRequests
 - 2021-04-25 13:20:50,312 - flask requests - flaskRequests
 - 2021-04-25 13:20:56,720 - flask requests - flaskRequests
 - 2021-04-25 13:21:03,087 - flask requests - flaskRequests
 - 2021-04-25 13:21:09,407 - flask requests - flaskRequests
 - 2021-04-25 13:21:16,056 - flask requests - flaskRequests
 - 2021-04-25 13:21:22,369 - flask requests - flaskRequests
 - 2021-04-25 13:21:28,823 - flask requests - flaskRequests
 - 2021-04-25 13:21:35,260 - flask requests - flaskRequests
 - 2021-04-25 13:21:41,552 - flask requests - flaskRequests
 - 2021-04-25 13:21:47,834 - flask requests - flaskRequests
 - 2021-04-25 13:21:54,171 - flask requests - flaskRequests
 - 2021-04-25 13:22:00,568 - flask requests - flaskRequests
 - 2021-04-25 13:22:06,967 - flask requests - flaskRequests
 - 2021-04-25 13:22:13,338 - flask requests - flaskRequests
 - 2021-04-25 13:22:19,691 - flask requests - flaskRequests
 - 2021-04-25 13:22:26,033 - flask requests - flaskRequests
 - 2021-04-25 13:22:32,343 - flask requests - flaskRequests
 - 2021-04-25 13:22:38,688 - flask requests - flaskRequests
 - 2021-04-25 13:22:45,236 - flask requests - flaskRequests
 - 2021-04-25 13:22:51,561 - flask requests - flaskRequests
 - 2021-04-25 13:22:58,137 - flask requests - flaskRequests
 - 2021-04-25 13:23:04,520 - flask requests - flaskRequests
 - 2021-04-25 13:23:10,837 - flask requests - flaskRequests
 - 2021-04-25 13:23:17,132 - flask requests - flaskRequests
 - 2021-04-25 13:23:23,468 - flask requests - flaskRequests
 - 2021-04-25 13:23:29,817 - flask requests - flaskRequests
 - 2021-04-25 13:23:36,110 - flask requests - flaskRequests
 - 2021-04-25 13:23:42,508 - flask requests - flaskRequests
 - 2021-04-25 13:23:48,828 - flask requests - flaskRequests
 - 2021-04-25 13:23:55,178 - flask requests - flaskRequests
 - 2021-04-25 13:24:01,512 - flask requests - flaskRequests
 - 2021-04-25 13:24:07,769 - flask requests - flaskRequests
 - 2021-04-25 13:24:14,065 - flask requests - flaskRequests
 - 2021-04-25 13:24:20,341 - flask requests - flaskRequests
 - 2021-04-25 13:24:26,614 - flask requests - flaskRequests
 - 2021-04-25 13:24:32,965 - flask requests - flaskRequests
 - 2021-04-25 13:24:39,298 - flask requests - flaskRequests
 - 2021-04-25 13:24:45,587 - flask requests - flaskRequests
 - 2021-04-25 13:24:51,845 - flask requests - flaskRequests
 - 2021-04-25 13:24:58,418 - flask requests - flaskRequests
 - 2021-04-25 13:25:04,714 - flask requests - flaskRequests
 - 2021-04-25 13:25:10,990 - flask requests - flaskRequests
 - 2021-04-25 13:25:17,278 - flask requests - flaskRequests
 - 2021-04-25 13:25:23,540 - flask requests - flaskRequests
 - 2021-04-25 13:25:29,867 - flask requests - flaskRequests
 - 2021-04-25 13:25:36,154 - flask requests - flaskRequests
 - 2021-04-25 13:25:42,428 - flask requests - flaskRequests
 - 2021-04-25 13:25:48,665 - flask requests - flaskRequests
 - 2021-04-25 13:25:54,907 - flask requests - flaskRequests
 - 2021-04-25 13:26:01,145 - flask requests - flaskRequests
 - 2021-04-25 13:26:07,460 - flask requests - flaskRequests
 - 2021-04-25 13:26:13,731 - flask requests - flaskRequests
 - 2021-04-25 13:26:20,167 - flask requests - flaskRequests
 - 2021-04-25 13:26:26,435 - flask requests - flaskRequests
 - 2021-04-25 13:26:32,737 - flask requests - flaskRequests
 - 2021-04-25 13:26:39,032 - flask requests - flaskRequests
 - 2021-04-25 13:26:45,298 - flask requests - flaskRequests
 - 2021-04-25 13:26:51,598 - flask requests - flaskRequests
 - 2021-04-25 13:26:58,082 - flask requests - flaskRequests
 - 2021-04-25 13:27:04,377 - flask requests - flaskRequests
 - 2021-04-25 13:27:10,828 - flask requests - flaskRequests
 - 2021-04-25 13:27:17,101 - flask requests - flaskRequests
 - 2021-04-25 13:27:23,392 - flask requests - flaskRequests
 - 2021-04-25 13:27:29,657 - flask requests - flaskRequests
 - 2021-04-25 13:27:35,918 - flask requests - flaskRequests
 - 2021-04-25 13:27:42,290 - flask requests - flaskRequests
 - 2021-04-25 13:27:48,545 - flask requests - flaskRequests
 - 2021-04-25 13:27:54,867 - flask requests - flaskRequests
 - 2021-04-25 13:28:01,076 - flask requests - flaskRequests
 - 2021-04-25 13:28:07,310 - flask requests - flaskRequests
 - 2021-04-25 13:28:13,576 - flask requests - flaskRequests
 - 2021-04-25 13:28:19,851 - flask requests - flaskRequests
 - 2021-04-25 13:28:26,119 - flask requests - flaskRequests
 - 2021-04-25 13:28:32,367 - flask requests - flaskRequests
 - 2021-04-25 13:28:38,718 - flask requests - flaskRequests
 - 2021-04-25 13:28:45,059 - flask requests - flaskRequests
 - 2021-04-25 13:28:51,751 - flask requests - flaskRequests
 - 2021-04-25 13:28:58,482 - flask requests - flaskRequests
 - 2021-04-25 13:29:04,819 - flask requests - flaskRequests
 - 2021-04-25 13:29:11,073 - flask requests - flaskRequests
 - 2021-04-25 13:29:17,378 - flask requests - flaskRequests
 - 2021-04-25 13:29:23,785 - flask requests - flaskRequests
 - 2021-04-25 13:29:30,083 - flask requests - flaskRequests
 - 2021-04-25 13:29:36,369 - flask requests - flaskRequests
 - 2021-04-25 13:29:42,668 - flask requests - flaskRequests
 - 2021-04-25 13:29:48,975 - flask requests - flaskRequests
 - 2021-04-25 13:29:55,259 - flask requests - flaskRequests
 - 2021-04-25 13:30:01,538 - flask requests - flaskRequests
 - 2021-04-25 13:30:07,970 - flask requests - flaskRequests
 - 2021-04-25 13:30:14,254 - flask requests - flaskRequests
 - 2021-04-25 13:30:20,612 - flask requests - flaskRequests
 - 2021-04-25 13:30:26,928 - flask requests - flaskRequests
 - 2021-04-25 13:30:33,212 - flask requests - flaskRequests
 - 2021-04-25 13:30:39,598 - flask requests - flaskRequests
 - 2021-04-25 13:30:45,871 - flask requests - flaskRequests
 - 2021-04-25 13:30:52,166 - flask requests - flaskRequests
 - 2021-04-25 13:30:58,617 - flask requests - flaskRequests
 - 2021-04-25 13:31:04,918 - flask requests - flaskRequests
 - 2021-04-25 13:31:13,574 - flask requests - flaskRequests
 - 2021-04-25 13:31:19,852 - flask requests - flaskRequests
 - 2021-04-25 13:31:26,194 - flask requests - flaskRequests
 - 2021-04-25 13:31:32,455 - flask requests - flaskRequests
 - 2021-04-25 13:31:38,775 - flask requests - flaskRequests
 - 2021-04-25 13:31:45,465 - flask requests - flaskRequests
 - 2021-04-25 13:31:51,750 - flask requests - flaskRequests
 - 2021-04-25 13:31:58,602 - flask requests - flaskRequests
 - 2021-04-25 13:32:04,854 - flask requests - flaskRequests
 - 2021-04-25 13:32:11,122 - flask requests - flaskRequests
 - 2021-04-25 13:32:17,420 - flask requests - flaskRequests
 - 2021-04-25 13:32:23,725 - flask requests - flaskRequests
 - 2021-04-25 13:32:30,020 - flask requests - flaskRequests
 - 2021-04-25 13:32:36,424 - flask requests - flaskRequests
 - 2021-04-25 13:32:42,769 - flask requests - flaskRequests
 - 2021-04-25 13:32:49,068 - flask requests - flaskRequests
 - 2021-04-25 13:32:55,466 - flask requests - flaskRequests
 - 2021-04-25 13:33:01,757 - flask requests - flaskRequests
 - 2021-04-25 13:33:08,060 - flask requests - flaskRequests
 - 2021-04-25 13:33:14,388 - flask requests - flaskRequests
 - 2021-04-25 13:33:20,693 - flask requests - flaskRequests
 - 2021-04-25 13:33:26,983 - flask requests - flaskRequests
 - 2021-04-25 13:33:33,262 - flask requests - flaskRequests
 - 2021-04-25 13:33:39,514 - flask requests - flaskRequests
 - 2021-04-25 13:33:46,100 - flask requests - flaskRequests
 - 2021-04-25 13:33:52,455 - flask requests - flaskRequests
 - 2021-04-25 13:33:58,738 - flask requests - flaskRequests
 - 2021-04-25 13:34:05,008 - flask requests - flaskRequests
 - 2021-04-25 13:34:11,361 - flask requests - flaskRequests
 - 2021-04-25 13:34:17,653 - flask requests - flaskRequests
 - 2021-04-25 13:34:23,940 - flask requests - flaskRequests
 - 2021-04-25 13:34:26,813 - flask requests - flaskRequests
 - 2021-04-25 13:34:33,123 - flask requests - flaskRequests
 - 2021-04-25 13:34:39,384 - flask requests - flaskRequests
 - 2021-04-25 13:34:45,805 - flask requests - flaskRequests
 - 2021-04-25 13:34:45,964 - flaskAPI GET one request - flaskRequests
 - 2021-04-25 13:34:49,624 - flaskAPI GET one request - flaskRequests
 - 2021-04-25 13:34:50,850 - flaskAPI GET one request - flaskRequests
 - 2021-04-25 13:34:52,282 - flask requests - flaskRequests
 - 2021-04-25 13:34:53,421 - flaskAPI GET one request - flaskRequests
 - 2021-04-25 13:34:54,633 - flaskAPI GET one request - flaskRequests
 - 2021-04-25 13:34:56,000 - flaskAPI GET one request - flaskRequests
 - 2021-04-25 13:34:58,724 - flask requests - flaskRequests
 - 2021-04-25 13:35:05,130 - flask requests - flaskRequests
 - 2021-04-25 13:35:11,585 - flask requests - flaskRequests
 - 2021-04-25 13:35:17,940 - flask requests - flaskRequests
 - 2021-04-25 13:35:39,958 - flask requests - flaskRequests
 - 2021-04-25 13:36:55,285 - flask requests - flaskRequests
 - 2021-04-25 13:37:01,775 - flask requests - flaskRequests
 - 2021-04-25 13:37:08,884 - flask requests - flaskRequests
 - 2021-04-25 13:37:15,328 - flask requests - flaskRequests
 - 2021-04-25 13:37:23,326 - flask requests - flaskRequests
 - 2021-04-25 13:37:30,329 - flask requests - flaskRequests
 - 2021-04-25 13:37:37,168 - flask requests - flaskRequests
 - 2021-04-25 13:37:44,063 - flask requests - flaskRequests
 - 2021-04-25 13:37:51,364 - flask requests - flaskRequests
 - 2021-04-25 13:37:57,957 - flaskAPI GET requests - flaskRequests
 - 2021-04-25 13:37:58,455 - flask requests - flaskRequests
 - 2021-04-25 13:38:07,619 - flask requests - flaskRequests
 - 2021-04-25 13:38:10,096 - flaskAPI GET requests - flaskRequests
 - 2021-04-25 13:38:14,246 - flask requests - flaskRequests
 - 2021-04-25 13:38:21,948 - flaskAPI GET requests - flaskRequests
 - 2021-04-25 13:38:22,447 - flask requests - flaskRequests
 - 2021-04-25 13:38:28,932 - flask requests - flaskRequests
 - 2021-04-25 13:38:34,077 - flaskAPI GET requests - flaskRequests
 - 2021-04-25 13:38:36,174 - flask requests - flaskRequests
 - 2021-04-25 13:38:42,598 - flask requests - flaskRequests
 - 2021-04-25 13:38:45,696 - flaskAPI GET requests - flaskRequests
 - 2021-04-25 13:38:49,376 - flask requests - flaskRequests
 - 2021-04-25 13:38:55,858 - flask requests - flaskRequests
 - 2021-04-25 13:38:57,363 - flaskAPI GET requests - flaskRequests
 - 2021-04-25 13:39:02,339 - flask requests - flaskRequests
 - 2021-04-25 13:39:09,357 - flask requests - flaskRequests
 - 2021-04-25 13:39:09,682 - flaskAPI GET requests - flaskRequests
 - 2021-04-25 13:39:15,684 - flask requests - flaskRequests
 - 2021-04-25 13:39:21,528 - flaskAPI GET requests - flaskRequests
 - 2021-04-25 13:39:22,142 - flask requests - flaskRequests
 - 2021-04-25 13:39:28,534 - flask requests - flaskRequests
 - 2021-04-25 13:39:33,717 - flaskAPI GET requests - flaskRequests
 - 2021-04-25 13:39:34,763 - flask requests - flaskRequests
 - 2021-04-25 13:39:41,093 - flask requests - flaskRequests
 - 2021-04-25 13:39:45,408 - flaskAPI GET requests - flaskRequests
 - 2021-04-25 13:39:47,408 - flask requests - flaskRequests
 - 2021-04-25 13:39:53,756 - flask requests - flaskRequests
 - 2021-04-25 13:39:57,029 - flaskAPI GET requests - flaskRequests
 - 2021-04-25 13:40:00,044 - flask requests - flaskRequests
 - 2021-04-25 13:40:06,461 - flask requests - flaskRequests
 - 2021-04-25 13:40:08,726 - flaskAPI GET requests - flaskRequests
 - 2021-04-25 13:40:12,865 - flask requests - flaskRequests
 - 2021-04-25 13:40:19,459 - flask requests - flaskRequests
 - 2021-04-25 13:40:20,443 - flaskAPI GET requests - flaskRequests
 - 2021-04-25 13:40:25,826 - flask requests - flaskRequests
 - 2021-04-25 13:40:32,823 - flask requests - flaskRequests
 - 2021-04-25 13:40:32,842 - flaskAPI GET requests - flaskRequests
 - 2021-04-25 13:40:39,190 - flask requests - flaskRequests
 - 2021-04-25 13:40:44,520 - flaskAPI GET requests - flaskRequests
 - 2021-04-25 13:40:45,442 - flask requests - flaskRequests
 - 2021-04-25 13:40:51,784 - flask requests - flaskRequests
 - 2021-04-25 13:40:56,244 - flaskAPI GET requests - flaskRequests
 - 2021-04-25 13:40:58,424 - flask requests - flaskRequests
 - 2021-04-25 13:41:04,768 - flask requests - flaskRequests
 - 2021-04-25 13:41:07,829 - flaskAPI GET requests - flaskRequests
 - 2021-04-25 13:41:11,074 - flask requests - flaskRequests
 - 2021-04-25 13:41:17,404 - flask requests - flaskRequests
 - 2021-04-25 13:41:19,568 - flaskAPI GET requests - flaskRequests
 - 2021-04-25 13:41:23,791 - flask requests - flaskRequests
 - 2021-04-25 13:41:30,296 - flask requests - flaskRequests
 - 2021-04-25 13:41:31,283 - flaskAPI GET requests - flaskRequests
 - 2021-04-25 13:41:36,706 - flask requests - flaskRequests
 - 2021-04-25 13:41:43,673 - flaskAPI GET requests - flaskRequests
 - 2021-04-25 13:41:43,674 - flask requests - flaskRequests
 - 2021-04-25 13:41:50,115 - flask requests - flaskRequests
 - 2021-04-25 13:41:55,424 - flaskAPI GET requests - flaskRequests
 - 2021-04-25 13:41:56,580 - flask requests - flaskRequests
 - 2021-04-25 13:42:03,011 - flask requests - flaskRequests
 - 2021-04-25 13:42:07,144 - flaskAPI GET requests - flaskRequests
 - 2021-04-25 13:42:09,398 - flask requests - flaskRequests
 - 2021-04-25 13:42:15,792 - flask requests - flaskRequests
 - 2021-04-25 13:42:18,776 - flaskAPI GET requests - flaskRequests
 - 2021-04-25 13:42:22,172 - flask requests - flaskRequests
 - 2021-04-25 13:42:28,649 - flask requests - flaskRequests
 - 2021-04-25 13:42:30,466 - flaskAPI GET requests - flaskRequests
 - 2021-04-25 13:42:34,934 - flask requests - flaskRequests
 - 2021-04-25 13:42:42,008 - flask requests - flaskRequests
 - 2021-04-25 13:42:42,548 - flaskAPI GET requests - flaskRequests
 - 2021-04-25 13:42:48,349 - flask requests - flaskRequests
 - 2021-04-25 13:42:54,710 - flask requests - flaskRequests
 - 2021-04-25 13:43:00,939 - flask requests - flaskRequests
 - 2021-04-25 13:43:07,174 - flask requests - flaskRequests
 - 2021-04-25 13:43:13,530 - flask requests - flaskRequests
 - 2021-04-25 13:43:19,915 - flask requests - flaskRequests
 - 2021-04-25 13:43:26,298 - flask requests - flaskRequests
 - 2021-04-25 13:43:32,636 - flask requests - flaskRequests
 - 2021-04-25 13:43:38,947 - flask requests - flaskRequests
 - 2021-04-25 13:43:45,240 - flask requests - flaskRequests
 - 2021-04-25 13:43:51,527 - flask requests - flaskRequests
 - 2021-04-25 13:43:57,932 - flask requests - flaskRequests
 - 2021-04-25 13:44:04,197 - flask requests - flaskRequests
 - 2021-04-25 13:44:10,578 - flask requests - flaskRequests
 - 2021-04-25 13:44:16,890 - flask requests - flaskRequests
 - 2021-04-25 13:44:23,225 - flask requests - flaskRequests
 - 2021-04-25 13:44:29,580 - flask requests - flaskRequests
 - 2021-04-25 13:44:36,134 - flask requests - flaskRequests
 - 2021-04-25 13:45:09,553 - flask requests - flaskRequests
 - 2021-04-25 13:45:15,085 - flaskAPI GET one request - flaskRequests
 - 2021-04-25 13:45:16,907 - flask requests - flaskRequests
 - 2021-04-25 13:45:17,601 - flaskAPI GET one request - flaskRequests
 - 2021-04-25 13:45:42,383 - flask requests - flaskRequests
 - 2021-04-25 13:45:42,890 - flaskAPI GET requests - flaskRequests
 - 2021-04-25 13:45:45,851 - flaskAPI GET requests - flaskRequests
 - 2021-04-25 13:45:48,918 - flask requests - flaskRequests
 - 2021-04-25 13:45:55,337 - flask requests - flaskRequests
 - 2021-04-25 13:46:01,945 - flask requests - flaskRequests
 - 2021-04-25 13:46:08,364 - flask requests - flaskRequests
 - 2021-04-25 13:46:09,798 - flaskAPI GET access deny - flaskRequests
 - 2021-04-25 13:46:14,649 - flask requests - flaskRequests
 - 2021-04-25 13:46:16,542 - flaskAPI GET requests - flaskRequests
 - 2021-04-25 13:46:21,210 - flask requests - flaskRequests
 - 2021-04-25 13:46:27,581 - flask requests - flaskRequests
 - 2021-04-25 13:46:33,871 - flask requests - flaskRequests
 - 2021-04-25 13:46:40,454 - flask requests - flaskRequests
 - 2021-04-25 13:46:46,904 - flask requests - flaskRequests
 - 2021-04-25 13:46:53,245 - flask requests - flaskRequests
 - 2021-04-25 13:46:59,787 - flask requests - flaskRequests
 - 2021-04-25 13:47:06,083 - flask requests - flaskRequests
 - 2021-04-25 13:47:12,459 - flask requests - flaskRequests
 - 2021-04-25 13:47:18,757 - flask requests - flaskRequests
 - 2021-04-25 13:47:25,029 - flask requests - flaskRequests
 - 2021-04-25 13:47:31,293 - flask requests - flaskRequests
 - 2021-04-25 13:47:37,607 - flask requests - flaskRequests
 - 2021-04-25 13:47:43,923 - flask requests - flaskRequests
 - 2021-04-25 13:47:50,223 - flask requests - flaskRequests
 - 2021-04-25 13:47:56,570 - flask requests - flaskRequests
 - 2021-04-25 13:48:02,857 - flask requests - flaskRequests
 - 2021-04-25 13:48:09,202 - flask requests - flaskRequests
 - 2021-04-25 13:48:15,593 - flask requests - flaskRequests
 - 2021-04-25 13:48:21,878 - flask requests - flaskRequests
 - 2021-04-25 13:48:28,166 - flask requests - flaskRequests
 - 2021-04-25 13:48:34,539 - flask requests - flaskRequests
 - 2021-04-25 13:48:41,211 - flask requests - flaskRequests
 - 2021-04-25 13:48:47,597 - flask requests - flaskRequests
 - 2021-04-25 13:48:53,886 - flask requests - flaskRequests
 - 2021-04-25 13:49:00,138 - flask requests - flaskRequests
 - 2021-04-25 13:49:06,412 - flask requests - flaskRequests
 - 2021-04-25 13:49:12,713 - flask requests - flaskRequests
 - 2021-04-25 13:49:18,986 - flask requests - flaskRequests
 - 2021-04-25 13:49:25,267 - flask requests - flaskRequests
 - 2021-04-25 13:49:31,557 - flask requests - flaskRequests
 - 2021-04-25 13:49:37,857 - flask requests - flaskRequests
 - 2021-04-25 13:49:44,172 - flask requests - flaskRequests
 - 2021-04-25 13:49:50,554 - flask requests - flaskRequests
 - 2021-04-25 13:49:56,851 - flask requests - flaskRequests
 - 2021-04-25 13:50:03,089 - flask requests - flaskRequests
 - 2021-04-25 13:50:09,453 - flask requests - flaskRequests
 - 2021-04-25 13:50:15,804 - flask requests - flaskRequests
 - 2021-04-25 13:50:22,099 - flask requests - flaskRequests
 - 2021-04-25 13:50:28,472 - flask requests - flaskRequests
 - 2021-04-25 13:50:34,767 - flask requests - flaskRequests
 - 2021-04-25 13:50:41,333 - flask requests - flaskRequests
 - 2021-04-25 13:50:47,780 - flask requests - flaskRequests
 - 2021-04-25 13:50:54,071 - flask requests - flaskRequests
 - 2021-04-25 13:51:00,447 - flask requests - flaskRequests
 - 2021-04-25 13:51:06,705 - flask requests - flaskRequests
 - 2021-04-25 13:51:12,997 - flask requests - flaskRequests
 - 2021-04-25 13:51:19,313 - flask requests - flaskRequests
 - 2021-04-25 13:51:25,883 - flask requests - flaskRequests
 - 2021-04-25 14:16:26,717 - flaskAPI GET requests - flaskRequests
 - 2021-04-25 14:18:04,578 - flaskAPI GET one request - flaskRequests
 - 2021-04-25 14:22:03,233 - flaskAPI GET one request - flaskRequests
 - 2021-04-25 14:22:15,392 - flaskAPI GET requests - flaskRequests
 - 2021-04-25 14:22:41,902 - flask requests - flaskRequests
 - 2021-04-25 14:22:48,994 - flask requests - flaskRequests
 - 2021-04-25 14:22:52,158 - flaskAPI GET requests - flaskRequests
 - 2021-04-25 14:22:55,392 - flask requests - flaskRequests
 - 2021-04-25 14:22:58,599 - flaskAPI GET requests - flaskRequests
 - 2021-04-25 14:23:01,829 - flask requests - flaskRequests
 - 2021-04-25 14:23:08,207 - flask requests - flaskRequests
 - 2021-04-25 14:23:14,661 - flask requests - flaskRequests
 - 2021-04-25 14:23:21,090 - flask requests - flaskRequests
 - 2021-04-25 14:23:27,821 - flask requests - flaskRequests
 - 2021-04-25 14:23:35,006 - flask requests - flaskRequests
 - 2021-04-25 14:23:41,841 - flask requests - flaskRequests
 - 2021-04-25 14:23:44,684 - flaskAPI GET requests - flaskRequests
 - 2021-04-25 14:23:48,858 - flask requests - flaskRequests
 - 2021-04-25 14:23:55,429 - flask requests - flaskRequests
 - 2021-04-25 14:24:01,917 - flask requests - flaskRequests
 - 2021-04-25 14:24:09,084 - flask requests - flaskRequests
 - 2021-04-25 14:28:27,625 - flaskAPI GET requests - flaskRequests
 - 2021-04-25 14:29:26,969 - flaskAPI GET requests - flaskRequests
 - 2021-04-25 14:45:00,224 - flaskAPI GET requests - flaskRequests
 - 2021-04-25 14:52:55,065 - flaskAPI GET requests - flaskRequests
 - 2021-04-25 14:58:47,548 - flask requests - flaskRequests
 - 2021-04-25 14:58:54,333 - flask requests - flaskRequests
 - 2021-04-25 14:59:19,210 - flask requests - flaskRequests
 - 2021-04-25 14:59:25,765 - flask requests - flaskRequests
 - 2021-04-25 14:59:32,323 - flask requests - flaskRequests
 - 2021-04-25 14:59:39,356 - flask requests - flaskRequests
 - 2021-04-25 14:59:41,308 - flaskAPI GET requests - flaskRequests
 - 2021-04-25 14:59:46,316 - flask requests - flaskRequests
 - 2021-04-25 14:59:52,991 - flask requests - flaskRequests
 - 2021-04-25 14:59:59,603 - flask requests - flaskRequests
 - 2021-04-25 15:00:06,230 - flask requests - flaskRequests
 - 2021-04-25 15:00:12,810 - flask requests - flaskRequests
 - 2021-04-25 15:00:19,482 - flask requests - flaskRequests
 - 2021-04-25 15:00:25,857 - flask requests - flaskRequests
 - 2021-04-25 15:00:26,233 - flaskAPI GET one request - flaskRequests
 - 2021-04-25 15:00:32,324 - flask requests - flaskRequests
 - 2021-04-25 15:00:38,669 - flask requests - flaskRequests
 - 2021-04-25 15:00:45,001 - flask requests - flaskRequests
 - 2021-04-25 15:00:51,556 - flask requests - flaskRequests
 - 2021-04-25 15:00:58,049 - flask requests - flaskRequests
 - 2021-04-25 15:01:04,568 - flask requests - flaskRequests
 - 2021-04-25 15:01:10,958 - flask requests - flaskRequests
 - 2021-04-25 15:01:17,331 - flask requests - flaskRequests
 - 2021-04-25 15:01:23,736 - flask requests - flaskRequests
 - 2021-04-25 15:01:30,118 - flask requests - flaskRequests
 - 2021-04-25 15:01:36,453 - flask requests - flaskRequests
 - 2021-04-25 15:01:42,803 - flask requests - flaskRequests
 - 2021-04-25 15:01:49,285 - flask requests - flaskRequests
 - 2021-04-25 15:01:55,699 - flask requests - flaskRequests
 - 2021-04-25 15:01:57,395 - flaskAPI GET requests - flaskRequests
 - 2021-04-25 15:02:02,141 - flask requests - flaskRequests
 - 2021-04-25 15:02:09,321 - flask requests - flaskRequests
 - 2021-04-25 15:02:15,653 - flask requests - flaskRequests
 - 2021-04-25 15:02:22,026 - flask requests - flaskRequests
 - 2021-04-25 15:02:28,376 - flask requests - flaskRequests
 - 2021-04-25 15:02:34,708 - flask requests - flaskRequests
 - 2021-04-25 15:02:41,175 - flask requests - flaskRequests
 - 2021-04-25 15:02:47,785 - flask requests - flaskRequests
 - 2021-04-25 15:02:48,806 - flaskAPI GET one request - flaskRequests
 - 2021-04-25 15:02:53,949 - flaskAPI GET one request - flaskRequests
 - 2021-04-25 15:02:54,206 - flask requests - flaskRequests
 - 2021-04-25 15:03:00,608 - flask requests - flaskRequests
 - 2021-04-25 15:03:07,179 - flask requests - flaskRequests
 - 2021-04-25 15:03:13,514 - flask requests - flaskRequests
 - 2021-04-25 15:03:20,068 - flask requests - flaskRequests
 - 2021-04-25 15:07:09,426 - flask requests - flaskRequests
 - 2021-04-25 15:07:15,993 - flask requests - flaskRequests
 - 2021-04-25 15:35:57,494 - flask requests - flaskRequests
 - 2021-04-25 15:36:04,464 - flask requests - flaskRequests
 - 2021-04-25 15:36:10,870 - flask requests - flaskRequests
 - 2021-04-25 15:36:17,279 - flask requests - flaskRequests
 - 2021-04-25 15:36:23,556 - flask requests - flaskRequests
 - 2021-04-25 15:36:29,813 - flask requests - flaskRequests
 - 2021-04-25 15:36:36,527 - flask requests - flaskRequests
 - 2021-04-25 15:36:42,924 - flask requests - flaskRequests
 - 2021-04-25 15:36:49,177 - flask requests - flaskRequests
 - 2021-04-25 15:36:55,572 - flask requests - flaskRequests
 - 2021-04-25 15:37:01,806 - flask requests - flaskRequests
 - 2021-04-25 15:37:08,143 - flask requests - flaskRequests
 - 2021-04-25 15:37:14,458 - flask requests - flaskRequests
 - 2021-04-25 15:37:20,739 - flask requests - flaskRequests
 - 2021-04-25 15:37:27,059 - flask requests - flaskRequests
 - 2021-04-25 15:37:33,414 - flask requests - flaskRequests
 - 2021-04-25 15:37:39,791 - flask requests - flaskRequests
 - 2021-04-25 16:14:38,576 - flask requests - flaskRequests
 - 2021-04-25 16:14:40,729 - flask requests - flaskRequests
 - 2021-04-25 16:14:47,031 - flask requests - flaskRequests
 - 2021-04-25 16:14:53,285 - flask requests - flaskRequests
 - 2021-04-25 16:15:00,066 - flaskAPI GET access deny - flaskRequests
 - 2021-04-25 16:15:21,458 - flaskAPI GET access deny - flaskRequests
 - 2021-04-25 16:16:28,150 - flaskAPI GET access deny - flaskRequests
 - 2021-04-25 16:16:35,072 - flaskAPI GET access deny - flaskRequests
 - 2021-04-25 16:17:08,320 - flaskAPI GET access deny - flaskRequests
 - 2021-04-25 16:17:35,102 - flaskAPI GET access deny - flaskRequests
 - 2021-04-25 16:17:36,654 - flaskAPI GET access deny - flaskRequests
 - 2021-04-25 16:18:22,113 - flaskAPI GET access deny - flaskRequests
 - 2021-04-25 16:20:26,148 - flaskAPI GET access deny - flaskRequests
 - 2021-04-25 16:35:40,371 - flaskAPI GET access deny - flaskRequests
 - 2021-04-25 16:36:06,444 - flaskAPI GET one request - flaskRequests
 - 2021-04-25 17:11:13,552 - flaskAPI GET one request - flaskRequests
 - 2021-04-25 17:14:34,797 - flaskAPI GET one request - flaskRequests
 - 2021-04-25 17:14:54,091 - flaskAPI GET requests - flaskRequests
 - 2021-04-25 18:02:35,383 - flask requests - flaskRequests
 - 2021-04-25 18:02:42,443 - flask requests - flaskRequests
 - 2021-04-25 19:04:35,087 - flask requests - flaskRequests
 - 2021-04-25 19:04:41,835 - flask requests - flaskRequests
 - 2021-04-25 19:04:48,194 - flask requests - flaskRequests
 - 2021-04-25 19:04:54,536 - flask requests - flaskRequests
 - 2021-04-25 19:05:00,862 - flask requests - flaskRequests
 - 2021-04-25 19:05:07,246 - flask requests - flaskRequests
 - 2021-04-25 19:05:13,593 - flask requests - flaskRequests
 - 2021-04-25 19:05:19,931 - flask requests - flaskRequests
 - 2021-04-25 19:05:26,300 - flask requests - flaskRequests
 - 2021-04-25 19:05:32,636 - flask requests - flaskRequests
 - 2021-04-25 19:05:39,147 - flask requests - flaskRequests
 - 2021-04-25 19:06:05,930 - flask requests - flaskRequests
 - 2021-04-25 19:06:43,496 - flask requests - flaskRequests
 - 2021-04-25 19:07:20,978 - flask requests - flaskRequests
 - 2021-04-25 19:09:35,136 - flask requests - flaskRequests
 - 2021-04-25 19:36:13,268 - flask requests - flaskRequests
 - 2021-04-25 19:36:20,086 - flask requests - flaskRequests
 - 2021-04-25 19:36:26,342 - flask requests - flaskRequests
 - 2021-04-25 19:36:32,507 - flask requests - flaskRequests
 - 2021-04-25 19:36:38,711 - flask requests - flaskRequests
 - 2021-04-25 19:36:45,016 - flask requests - flaskRequests
 - 2021-04-25 19:36:51,364 - flask requests - flaskRequests
 - 2021-04-25 19:36:57,756 - flask requests - flaskRequests
 - 2021-04-25 19:37:04,085 - flask requests - flaskRequests
 - 2021-04-25 19:37:10,408 - flask requests - flaskRequests
 - 2021-04-25 19:37:16,799 - flask requests - flaskRequests
 - 2021-04-25 19:37:23,169 - flask requests - flaskRequests
 - 2021-04-25 19:37:29,439 - flask requests - flaskRequests
 - 2021-04-25 19:37:35,712 - flask requests - flaskRequests
 - 2021-04-25 19:38:03,820 - flask requests - flaskRequests
 - 2021-04-25 19:40:00,500 - flask requests - flaskRequests
 - 2021-04-25 19:42:55,612 - flask requests - flaskRequests
 - 2021-04-25 19:43:02,316 - flask requests - flaskRequests
 - 2021-04-25 19:43:08,634 - flask requests - flaskRequests
 - 2021-04-25 19:43:14,971 - flask requests - flaskRequests
 - 2021-04-25 19:43:22,711 - flask requests - flaskRequests
 - 2021-04-25 19:43:29,714 - flask requests - flaskRequests
 - 2021-04-25 19:44:03,968 - flask requests - flaskRequests
 - 2021-04-25 19:46:25,019 - flask requests - flaskRequests
 - 2021-04-25 19:48:09,283 - flask requests - flaskRequests
 - 2021-04-25 20:03:08,822 - flask requests - flaskRequests
 - 2021-04-25 20:03:15,407 - flask requests - flaskRequests
 - 2021-04-25 20:03:21,862 - flask requests - flaskRequests
 - 2021-04-25 20:03:51,502 - flask requests - flaskRequests
 - 2021-04-25 20:05:03,636 - flask requests - flaskRequests
 - 2021-04-25 20:06:36,870 - flask requests - flaskRequests
 - 2021-04-25 20:06:43,249 - flask requests - flaskRequests
 - 2021-04-25 20:06:49,507 - flask requests - flaskRequests
 - 2021-04-25 20:07:39,607 - flask requests - flaskRequests
 - 2021-04-25 20:07:48,317 - flask requests - flaskRequests
 - 2021-04-25 20:10:03,509 - flask requests - flaskRequests
 - 2021-04-25 21:01:44,589 - flask requests - flaskRequests
 - 2021-04-25 21:01:51,269 - flask requests - flaskRequests
 - 2021-04-25 21:01:57,527 - flask requests - flaskRequests
 - 2021-04-25 21:02:03,789 - flask requests - flaskRequests
 - 2021-04-25 21:02:10,075 - flask requests - flaskRequests
 - 2021-04-25 21:02:16,409 - flask requests - flaskRequests
 - 2021-04-25 21:02:22,697 - flask requests - flaskRequests
 - 2021-04-25 21:02:29,032 - flask requests - flaskRequests
 - 2021-04-25 21:02:35,391 - flask requests - flaskRequests
 - 2021-04-25 21:02:41,777 - flask requests - flaskRequests
 - 2021-04-25 21:02:48,040 - flask requests - flaskRequests
 - 2021-04-25 21:02:54,307 - flask requests - flaskRequests
 - 2021-04-25 21:03:00,705 - flask requests - flaskRequests
 - 2021-04-25 21:03:27,049 - flask requests - flaskRequests
 - 2021-04-25 21:04:39,428 - flask requests - flaskRequests
 - 2021-04-25 21:04:45,739 - flask requests - flaskRequests
 - 2021-04-25 21:04:52,020 - flask requests - flaskRequests
 - 2021-04-25 21:04:58,273 - flask requests - flaskRequests
 - 2021-04-25 21:05:04,540 - flask requests - flaskRequests
 - 2021-04-25 21:05:10,800 - flask requests - flaskRequests
 - 2021-04-25 21:15:34,161 - flask requests - flaskRequests
 - 2021-04-25 21:15:40,896 - flask requests - flaskRequests
 - 2021-04-25 21:15:47,266 - flask requests - flaskRequests
 - 2021-04-25 21:15:53,577 - flask requests - flaskRequests
 - 2021-04-25 21:16:02,244 - flask requests - flaskRequests
 - 2021-04-25 21:16:14,858 - flask requests - flaskRequests
 - 2021-04-25 21:16:57,066 - flask requests - flaskRequests
 - 2021-04-25 21:17:12,564 - flask requests - flaskRequests
 - 2021-04-25 21:17:19,392 - flask requests - flaskRequests
 - 2021-04-25 21:17:26,090 - flask requests - flaskRequests
 - 2021-04-25 21:17:33,128 - flask requests - flaskRequests
 - 2021-04-25 21:17:45,613 - flask requests - flaskRequests
 - 2021-04-25 21:17:53,476 - flask requests - flaskRequests
 - 2021-04-25 21:18:00,051 - flask requests - flaskRequests
 - 2021-04-25 21:18:06,377 - flask requests - flaskRequests
 - 2021-04-25 21:18:12,675 - flask requests - flaskRequests
 - 2021-04-25 21:18:18,973 - flask requests - flaskRequests
 - 2021-04-25 21:18:25,262 - flask requests - flaskRequests
 - 2021-04-25 21:18:32,040 - flask requests - flaskRequests
 - 2021-04-25 21:18:38,791 - flask requests - flaskRequests
 - 2021-04-25 21:18:45,497 - flask requests - flaskRequests
 - 2021-04-25 21:18:53,232 - flask requests - flaskRequests
 - 2021-04-25 21:18:59,755 - flask requests - flaskRequests
 - 2021-04-25 21:19:06,568 - flask requests - flaskRequests
 - 2021-04-25 21:19:14,388 - flask requests - flaskRequests
 - 2021-04-25 21:19:21,115 - flask requests - flaskRequests
 - 2021-04-25 21:19:27,733 - flask requests - flaskRequests
 - 2021-04-25 21:19:34,448 - flask requests - flaskRequests
 - 2021-04-25 21:19:41,083 - flask requests - flaskRequests
 - 2021-04-25 21:19:47,731 - flask requests - flaskRequests
 - 2021-04-25 21:19:54,354 - flask requests - flaskRequests
 - 2021-04-25 21:20:01,053 - flask requests - flaskRequests
 - 2021-04-25 21:20:07,698 - flask requests - flaskRequests
 - 2021-04-25 21:21:21,526 - flask requests - flaskRequests
 - 2021-04-25 21:22:21,939 - flask requests - flaskRequests
 - 2021-04-25 21:23:45,042 - flask requests - flaskRequests
 - 2021-04-25 21:24:07,842 - flask requests - flaskRequests
 - 2021-04-25 21:24:15,037 - flask requests - flaskRequests
 - 2021-04-25 21:24:21,760 - flask requests - flaskRequests
 - 2021-04-25 21:24:29,465 - flask requests - flaskRequests
 - 2021-04-25 21:24:36,556 - flask requests - flaskRequests
 - 2021-04-25 21:24:43,179 - flask requests - flaskRequests
 - 2021-04-25 21:24:49,742 - flask requests - flaskRequests
 - 2021-04-25 21:25:15,071 - flask requests - flaskRequests
 - 2021-04-25 21:25:43,834 - flask requests - flaskRequests
 - 2021-04-25 21:26:01,009 - flask requests - flaskRequests
 - 2021-04-25 21:26:11,382 - flask requests - flaskRequests
 - 2021-04-25 21:26:18,536 - flask requests - flaskRequests
 - 2021-04-25 21:26:25,212 - flask requests - flaskRequests
 - 2021-04-25 21:26:31,943 - flask requests - flaskRequests
 - 2021-04-25 21:26:39,958 - flask requests - flaskRequests
 - 2021-04-25 21:26:54,349 - flask requests - flaskRequests
 - 2021-04-25 21:27:16,041 - flask requests - flaskRequests
 - 2021-04-25 21:38:09,080 - flask requests - flaskRequests
 - 2021-04-25 21:38:15,685 - flask requests - flaskRequests
 - 2021-04-25 21:38:21,934 - flask requests - flaskRequests
 - 2021-04-25 21:38:28,649 - flask requests - flaskRequests
 - 2021-04-25 21:38:35,222 - flask requests - flaskRequests
 - 2021-04-25 21:38:54,299 - flask requests - flaskRequests
 - 2021-04-25 21:39:48,227 - flask requests - flaskRequests
 - 2021-04-25 21:43:12,429 - flask requests - flaskRequests
 - 2021-04-25 21:43:18,998 - flask requests - flaskRequests
 - 2021-04-25 21:43:25,306 - flask requests - flaskRequests
 - 2021-04-26 04:15:45,969 - flask requests - flaskRequests
 - 2021-04-26 04:15:53,531 - flask requests - flaskRequests
 - 2021-04-26 04:16:00,562 - flask requests - flaskRequests
 - 2021-04-26 04:16:08,585 - flask requests - flaskRequests
 - 2021-04-26 04:16:15,369 - flask requests - flaskRequests
 - 2021-04-26 04:47:35,838 - flaskAPI GET requests - flaskRequests
 - 2021-04-26 06:32:48,275 - flask requests - flaskRequests
 - 2021-04-26 06:32:55,407 - flask requests - flaskRequests
 - 2021-04-26 06:33:01,977 - flask requests - flaskRequests
 - 2021-04-26 06:33:08,229 - flask requests - flaskRequests
 - 2021-04-26 06:33:14,535 - flask requests - flaskRequests
 - 2021-04-26 06:33:20,867 - flask requests - flaskRequests
 - 2021-04-26 06:33:27,142 - flask requests - flaskRequests
 - 2021-04-26 06:33:33,424 - flask requests - flaskRequests
 - 2021-04-26 06:33:39,770 - flask requests - flaskRequests
 - 2021-04-26 06:33:46,071 - flask requests - flaskRequests
 - 2021-04-26 06:33:52,312 - flask requests - flaskRequests
 - 2021-04-26 06:33:58,622 - flask requests - flaskRequests
 - 2021-04-26 06:34:04,873 - flask requests - flaskRequests
 - 2021-04-26 09:29:24,004 - flask requests - flaskRequests
 - 2021-04-26 09:29:36,949 - flask requests - flaskRequests
